[INFO] [2016-12-20 14:08:09][org.springframework.context.support.ClassPathXmlApplicationContext]Refreshing org.springframework.context.support.ClassPathXmlApplicationContext@2b6dd9c5: startup date [Tue Dec 20 14:08:09 CST 2016]; root of context hierarchy
[INFO] [2016-12-20 14:08:09][org.springframework.beans.factory.xml.XmlBeanDefinitionReader]Loading XML bean definitions from class path resource [spring-mybatis.xml]
[WARN] [2016-12-20 14:08:09][org.mybatis.spring.mapper.ClassPathMapperScanner]No MyBatis mapper was found in '[com.dao]' package. Please check your configuration.
[INFO] [2016-12-20 14:08:09][org.springframework.beans.factory.config.PropertyPlaceholderConfigurer]Loading properties file from class path resource [jdbc.properties]
[INFO] [2016-12-20 14:08:09][org.springframework.beans.factory.annotation.AutowiredAnnotationBeanPostProcessor]JSR-330 'javax.inject.Inject' annotation found and supported for autowiring
[WARN] [2016-12-20 14:08:10][org.springframework.context.support.ClassPathXmlApplicationContext]Exception encountered during context initialization - cancelling refresh attempt: org.springframework.beans.factory.BeanCreationException: Error creating bean with name 'sqlSessionFactory' defined in class path resource [spring-mybatis.xml]: Invocation of init method failed; nested exception is org.springframework.core.NestedIOException: Failed to parse mapping resource: 'file [C:\Users\Gunn\Desktop\改进login\target\classes\com\mapper\PersistentLoginsMapper.xml]'; nested exception is org.apache.ibatis.builder.BuilderException: Error parsing Mapper XML. Cause: org.apache.ibatis.builder.BuilderException: Error resolving class. Cause: org.apache.ibatis.type.TypeException: Could not resolve type alias 'PersistentLogins'.  Cause: java.lang.ClassNotFoundException: Cannot find class: PersistentLogins
[INFO] [2016-12-20 14:46:52][org.springframework.context.support.ClassPathXmlApplicationContext]Refreshing org.springframework.context.support.ClassPathXmlApplicationContext@1e19bba3: startup date [Tue Dec 20 14:46:52 CST 2016]; root of context hierarchy
[INFO] [2016-12-20 14:46:52][org.springframework.beans.factory.xml.XmlBeanDefinitionReader]Loading XML bean definitions from class path resource [spring-mybatis.xml]
[INFO] [2016-12-20 14:46:53][org.springframework.beans.factory.config.PropertyPlaceholderConfigurer]Loading properties file from class path resource [jdbc.properties]
[INFO] [2016-12-20 14:46:53][org.springframework.beans.factory.annotation.AutowiredAnnotationBeanPostProcessor]JSR-330 'javax.inject.Inject' annotation found and supported for autowiring
[INFO] [2016-12-20 18:59:38][org.springframework.context.support.ClassPathXmlApplicationContext]Refreshing org.springframework.context.support.ClassPathXmlApplicationContext@38f42ac9: startup date [Tue Dec 20 18:59:38 CST 2016]; root of context hierarchy
[INFO] [2016-12-20 18:59:38][org.springframework.beans.factory.xml.XmlBeanDefinitionReader]Loading XML bean definitions from class path resource [spring-mybatis.xml]
[INFO] [2016-12-20 18:59:39][org.springframework.beans.factory.config.PropertyPlaceholderConfigurer]Loading properties file from class path resource [jdbc.properties]
[INFO] [2016-12-20 18:59:39][org.springframework.beans.factory.annotation.AutowiredAnnotationBeanPostProcessor]JSR-330 'javax.inject.Inject' annotation found and supported for autowiring
[INFO] [2016-12-20 19:00:24][org.springframework.context.support.ClassPathXmlApplicationContext]Refreshing org.springframework.context.support.ClassPathXmlApplicationContext@4b11a903: startup date [Tue Dec 20 19:00:24 CST 2016]; root of context hierarchy
[INFO] [2016-12-20 19:00:24][org.springframework.beans.factory.xml.XmlBeanDefinitionReader]Loading XML bean definitions from class path resource [spring-mybatis.xml]
[INFO] [2016-12-20 19:00:25][org.springframework.beans.factory.config.PropertyPlaceholderConfigurer]Loading properties file from class path resource [jdbc.properties]
[INFO] [2016-12-20 19:00:25][org.springframework.beans.factory.annotation.AutowiredAnnotationBeanPostProcessor]JSR-330 'javax.inject.Inject' annotation found and supported for autowiring
[INFO] [2016-12-22 19:37:21][org.springframework.context.support.ClassPathXmlApplicationContext]Refreshing org.springframework.context.support.ClassPathXmlApplicationContext@4b11a903: startup date [Thu Dec 22 19:37:21 CST 2016]; root of context hierarchy
[INFO] [2016-12-22 19:37:21][org.springframework.beans.factory.xml.XmlBeanDefinitionReader]Loading XML bean definitions from class path resource [spring-mvc.xml]
[INFO] [2016-12-22 19:37:22][org.springframework.beans.factory.annotation.AutowiredAnnotationBeanPostProcessor]JSR-330 'javax.inject.Inject' annotation found and supported for autowiring
[WARN] [2016-12-22 19:37:22][org.springframework.context.support.ClassPathXmlApplicationContext]Exception encountered during context initialization - cancelling refresh attempt: org.springframework.beans.factory.BeanCreationException: Error creating bean with name 'org.springframework.web.servlet.mvc.method.annotation.RequestMappingHandlerMapping': Initialization of bean failed; nested exception is org.springframework.beans.factory.BeanCreationException: Error creating bean with name 'org.springframework.web.servlet.handler.MappedInterceptor#1': Cannot create inner bean 'userInterceptor' of type [com.interceptor.UserInterceptor] while setting constructor argument; nested exception is org.springframework.beans.factory.BeanCreationException: Error creating bean with name 'userInterceptor': Injection of resource dependencies failed; nested exception is org.springframework.beans.factory.BeanCreationException: Error creating bean with name 'persistentLoginsServiceImpl': Injection of resource dependencies failed; nested exception is org.springframework.beans.factory.NoSuchBeanDefinitionException: No bean named 'persistentLoginsMapper' is defined
[INFO] [2016-12-22 19:39:30][org.springframework.context.support.ClassPathXmlApplicationContext]Refreshing org.springframework.context.support.ClassPathXmlApplicationContext@4b11a903: startup date [Thu Dec 22 19:39:30 CST 2016]; root of context hierarchy
[INFO] [2016-12-22 19:39:30][org.springframework.beans.factory.xml.XmlBeanDefinitionReader]Loading XML bean definitions from class path resource [spring-mvc.xml]
[INFO] [2016-12-22 19:39:31][org.springframework.beans.factory.annotation.AutowiredAnnotationBeanPostProcessor]JSR-330 'javax.inject.Inject' annotation found and supported for autowiring
[WARN] [2016-12-22 19:39:31][org.springframework.context.support.ClassPathXmlApplicationContext]Exception encountered during context initialization - cancelling refresh attempt: org.springframework.beans.factory.BeanCreationException: Error creating bean with name 'org.springframework.web.servlet.mvc.method.annotation.RequestMappingHandlerMapping': Initialization of bean failed; nested exception is org.springframework.beans.factory.BeanCreationException: Error creating bean with name 'org.springframework.web.servlet.handler.MappedInterceptor#1': Cannot create inner bean 'userInterceptor' of type [com.interceptor.UserInterceptor] while setting constructor argument; nested exception is org.springframework.beans.factory.CannotLoadBeanClassException: Cannot find class [com.interceptor.UserInterceptor] for bean with name 'userInterceptor' defined in class path resource [spring-mvc.xml]; nested exception is java.lang.ClassNotFoundException: com.interceptor.UserInterceptor
[INFO] [2016-12-22 19:43:24][org.springframework.context.support.ClassPathXmlApplicationContext]Refreshing org.springframework.context.support.ClassPathXmlApplicationContext@746f2a75: startup date [Thu Dec 22 19:43:24 CST 2016]; root of context hierarchy
[INFO] [2016-12-22 19:43:24][org.springframework.beans.factory.xml.XmlBeanDefinitionReader]Loading XML bean definitions from class path resource [spring-mvc.xml]
[INFO] [2016-12-22 19:43:25][org.springframework.beans.factory.annotation.AutowiredAnnotationBeanPostProcessor]JSR-330 'javax.inject.Inject' annotation found and supported for autowiring
[INFO] [2016-12-22 19:43:25][org.springframework.web.servlet.mvc.method.annotation.RequestMappingHandlerMapping]Mapped "{[/register],methods=[POST],consumes=[application/json]}" onto public com.alibaba.fastjson.JSONObject com.controller.UserController.register(com.entity.User)
[INFO] [2016-12-22 19:43:25][org.springframework.web.servlet.mvc.method.annotation.RequestMappingHandlerMapping]Mapped "{[/login],methods=[GET],consumes=[application/json]}" onto public com.alibaba.fastjson.JSONObject com.controller.UserController.login(java.lang.String,java.lang.String,javax.servlet.http.HttpServletRequest,javax.servlet.http.HttpServletResponse,org.springframework.web.servlet.mvc.support.RedirectAttributes)
[INFO] [2016-12-22 19:43:25][org.springframework.web.servlet.mvc.method.annotation.RequestMappingHandlerMapping]Mapped "{[/listusers],methods=[GET],consumes=[application/json]}" onto public com.alibaba.fastjson.JSONObject com.controller.UserController.listUser(javax.servlet.http.HttpServletRequest,javax.servlet.http.HttpServletResponse)
[INFO] [2016-12-22 19:43:26][org.springframework.web.servlet.mvc.method.annotation.RequestMappingHandlerAdapter]Looking for @ControllerAdvice: org.springframework.context.support.ClassPathXmlApplicationContext@746f2a75: startup date [Thu Dec 22 19:43:24 CST 2016]; root of context hierarchy
[INFO] [2016-12-22 19:43:26][org.springframework.web.servlet.mvc.method.annotation.RequestMappingHandlerAdapter]Looking for @ControllerAdvice: org.springframework.context.support.ClassPathXmlApplicationContext@746f2a75: startup date [Thu Dec 22 19:43:24 CST 2016]; root of context hierarchy
[WARN] [2016-12-22 19:43:26][org.springframework.context.support.ClassPathXmlApplicationContext]Exception encountered during context initialization - cancelling refresh attempt: org.springframework.beans.factory.BeanCreationException: Error creating bean with name 'persistentLoginsServiceImpl': Injection of resource dependencies failed; nested exception is org.springframework.beans.factory.NoSuchBeanDefinitionException: No bean named 'persistentLoginsMapper' is defined
